[1017/134929.969:ERROR:scoped_process_suspend.cc(30)] NtSuspendProcess: An attempt was made to access an exiting process.  (0xc000010a)
[1017/134929.999:ERROR:process_info.cc(116)] ReadProcessMemory bool __cdecl crashpad::`anonymous-namespace'::ReadStruct<struct crashpad::process_types::PEB<struct crashpad::process_types::internal::Traits32>>(void *,unsigned __int64,struct crashpad::process_types::PEB<struct crashpad::process_types::internal::Traits32> *): Only part of a ReadProcessMemory or WriteProcessMemory request was completed. (0x12B)
[1017/134929.999:ERROR:process_info.cc(559)] ReadProcessData failed
[1017/134929.999:ERROR:process_reader_win.cc(233)] ReadMemory at 0x6b017dc8 of 12 bytes failed: Only part of a ReadProcessMemory or WriteProcessMemory request was completed. (0x12B)
[1017/134929.999:WARNING:process_snapshot_win.cc(68)] ReadMemory ExceptionInformation failed
[1017/134929.999:WARNING:crash_report_exception_handler.cc(60)] ProcessSnapshotWin::Initialize failed
[1017/135620.754:ERROR:process_info.cc(625)] range at 0xfffde000, size 0x230 fully unreadable
[1017/135620.758:ERROR:process_info.cc(625)] range at 0xfffdd000, size 0xf84 fully unreadable
[1017/135620.758:ERROR:process_info.cc(625)] range at 0xfffda000, size 0xf84 fully unreadable
[1017/135620.758:ERROR:process_info.cc(625)] range at 0xfffd7000, size 0xf84 fully unreadable
[1017/135620.758:ERROR:process_info.cc(625)] range at 0xfffaf000, size 0xf84 fully unreadable
[1017/135620.758:ERROR:process_info.cc(625)] range at 0xfffac000, size 0xf84 fully unreadable
[1017/135620.758:ERROR:process_info.cc(625)] range at 0xfffa9000, size 0xf84 fully unreadable
[1017/135620.758:ERROR:process_info.cc(625)] range at 0xfffa6000, size 0xf84 fully unreadable
[1017/135620.758:ERROR:process_info.cc(625)] range at 0xfffa3000, size 0xf84 fully unreadable
[1017/135620.758:ERROR:process_info.cc(625)] range at 0xfffa0000, size 0xf84 fully unreadable
[1017/135620.758:ERROR:process_info.cc(625)] range at 0xfff9d000, size 0xf84 fully unreadable
[1017/135620.758:ERROR:process_info.cc(625)] range at 0xfff97000, size 0xf84 fully unreadable
[1017/135620.758:ERROR:process_info.cc(625)] range at 0xfff9a000, size 0xf84 fully unreadable
[1018/125003.717:ERROR:process_info.cc(625)] range at 0xfffde000, size 0x230 fully unreadable
[1018/125003.737:ERROR:process_info.cc(625)] range at 0xfffdd000, size 0xf84 fully unreadable
[1018/125003.737:ERROR:process_info.cc(625)] range at 0xfffda000, size 0xf84 fully unreadable
[1018/125003.737:ERROR:process_info.cc(625)] range at 0xfffaf000, size 0xf84 fully unreadable
[1018/125003.737:ERROR:process_info.cc(625)] range at 0xfffac000, size 0xf84 fully unreadable
[1018/125605.289:ERROR:scoped_process_suspend.cc(30)] NtSuspendProcess: An attempt was made to access an exiting process.  (0xc000010a)
[1018/125605.309:ERROR:process_info.cc(116)] ReadProcessMemory bool __cdecl crashpad::`anonymous-namespace'::ReadStruct<struct crashpad::process_types::PEB<struct crashpad::process_types::internal::Traits32>>(void *,unsigned __int64,struct crashpad::process_types::PEB<struct crashpad::process_types::internal::Traits32> *): Only part of a ReadProcessMemory or WriteProcessMemory request was completed. (0x12B)
[1018/125605.309:ERROR:process_info.cc(559)] ReadProcessData failed
[1018/125605.309:ERROR:process_reader_win.cc(233)] ReadMemory at 0x60bb7dc8 of 12 bytes failed: Only part of a ReadProcessMemory or WriteProcessMemory request was completed. (0x12B)
[1018/125605.309:WARNING:process_snapshot_win.cc(68)] ReadMemory ExceptionInformation failed
[1018/125605.309:WARNING:crash_report_exception_handler.cc(60)] ProcessSnapshotWin::Initialize failed
